sipp: The following events occured:
2022-07-08	14:54:12.804840	1657306452.804840: Aborting call on unexpected message for Call-Id '1-13744@2600:380:8e30:cd57:92e1:d740:e36b:127e': while expecting '100' (index 1), received 'INVITE sip:100@[2600:380:8e30:cd57:92e1:d740:e36b:127e]:5060 SIP/2.0
Via: SIP/2.0/UDP [2600:380:8e30:cd57:92e1:d740:e36b:127e]:5060
From: sipp <sip:sipp@[2600:380:8e30:cd57:92e1:d740:e36b:127e]:5060>;tag=1
To: sut <sip:100@[2600:380:8e30:cd57:92e1:d740:e36b:127e]:5060>
Call-ID: 1-13744@2600:380:8e30:cd57:92e1:d740:e36b:127e
Cseq: 1 INVITE
Contact: sip:sipp@[2600:380:8e30:cd57:92e1:d740:e36b:127e]:5060
Content-Type: application/sdp, application/pidf+xml, application/EmergencyCallData.Control+xml
CSeq: 31862 INVITE
Recv-Info: EmergencyCallData.eCall.MSD
Allow: INVITE, ACK, PRACK, INFO, OPTIONS, CANCEL, REFER, BYE, SUBSCRIBE, NOTIFY, UPDATE
Content-Type: multipart/mixed; boundary=boundary1
P-Preferred-Service: urn:urn-7:3gpp-service.ims.icsi.mmtel
a: *;+g.3gpp.icsi-ref="urn%3Aurn-7%3A3gpp-service.ims.icsi.mmtel"
P-Early-Media: supported
l: 1431
x: 300
Content-Length:   552

--boundary1
Content-Type: application/sdp
v=0
o=user1 53655765 2353687637 IN IP6 [2600:380:8e30:cd57:92e1:d740:e36b:127e]
s=-
t=0 0
c=IN IP6 2600:380:8e30:cd57:92e1:d740:e36b:127e
m=audio 6000 RTP/AVP 0
a=rtpmap:0 PCMU/8000


--boundary1
Content-Type: application/EmergencyCallData.eCall.MSD
Content-ID: <32423423243@vzims.com>
Content-Disposition: by-reference;handling=optional
00000000000000000000000000000000000000000000000000000000000000000000000000000000000000000000000000000000000000000000000000000000000000000000
--boundary1--
'.
