This file contains any messages produced by compilers while
running configure, to aid debugging if configure makes a mistake.

It was created by SIPp configure 3.3.990, which was
generated by GNU Autoconf 2.69.  Invocation command line was

  $ ./configure 

## --------- ##
## Platform. ##
## --------- ##

hostname = uzair-XPS-13-9380
uname -m = x86_64
uname -r = 5.15.0-40-generic
uname -s = Linux
uname -v = #43-Ubuntu SMP Wed Jun 15 12:54:21 UTC 2022

/usr/bin/uname -p = x86_64
/bin/uname -X     = unknown

/bin/arch              = x86_64
/usr/bin/arch -k       = unknown
/usr/convex/getsysinfo = unknown
/usr/bin/hostinfo      = unknown
/bin/machine           = unknown
/usr/bin/oslevel       = unknown
/bin/universe          = unknown

PATH: /usr/local/sbin
PATH: /usr/local/bin
PATH: /usr/sbin
PATH: /usr/bin
PATH: /sbin
PATH: /bin
PATH: /usr/games
PATH: /usr/local/games
PATH: /snap/bin
PATH: /snap/bin


## ----------- ##
## Core tests. ##
## ----------- ##

configure:2374: checking build system type
configure:2388: result: x86_64-unknown-linux-gnu
configure:2408: checking host system type
configure:2421: result: x86_64-unknown-linux-gnu
configure:2441: checking target system type
configure:2454: result: x86_64-unknown-linux-gnu
configure:2500: checking for a BSD-compatible install
configure:2568: result: /usr/bin/install -c
configure:2579: checking whether build environment is sane
configure:2629: result: yes
configure:2770: checking for a thread-safe mkdir -p
configure:2809: result: /usr/bin/mkdir -p
configure:2822: checking for gawk
configure:2852: result: no
configure:2822: checking for mawk
configure:2838: found /usr/bin/mawk
configure:2849: result: mawk
configure:2860: checking whether make sets $(MAKE)
configure:2882: result: yes
configure:3054: checking for gcc
configure:3070: found /usr/bin/gcc
configure:3081: result: gcc
configure:3310: checking for C compiler version
configure:3319: gcc --version >&5
gcc (Ubuntu 11.2.0-19ubuntu1) 11.2.0
Copyright (C) 2021 Free Software Foundation, Inc.
This is free software; see the source for copying conditions.  There is NO
warranty; not even for MERCHANTABILITY or FITNESS FOR A PARTICULAR PURPOSE.

configure:3330: $? = 0
configure:3319: gcc -v >&5
Using built-in specs.
COLLECT_GCC=gcc
COLLECT_LTO_WRAPPER=/usr/lib/gcc/x86_64-linux-gnu/11/lto-wrapper
OFFLOAD_TARGET_NAMES=nvptx-none:amdgcn-amdhsa
OFFLOAD_TARGET_DEFAULT=1
Target: x86_64-linux-gnu
Configured with: ../src/configure -v --with-pkgversion='Ubuntu 11.2.0-19ubuntu1' --with-bugurl=file:///usr/share/doc/gcc-11/README.Bugs --enable-languages=c,ada,c++,go,brig,d,fortran,objc,obj-c++,m2 --prefix=/usr --with-gcc-major-version-only --program-suffix=-11 --program-prefix=x86_64-linux-gnu- --enable-shared --enable-linker-build-id --libexecdir=/usr/lib --without-included-gettext --enable-threads=posix --libdir=/usr/lib --enable-nls --enable-bootstrap --enable-clocale=gnu --enable-libstdcxx-debug --enable-libstdcxx-time=yes --with-default-libstdcxx-abi=new --enable-gnu-unique-object --disable-vtable-verify --enable-plugin --enable-default-pie --with-system-zlib --enable-libphobos-checking=release --with-target-system-zlib=auto --enable-objc-gc=auto --enable-multiarch --disable-werror --enable-cet --with-arch-32=i686 --with-abi=m64 --with-multilib-list=m32,m64,mx32 --enable-multilib --with-tune=generic --enable-offload-targets=nvptx-none=/build/gcc-11-gBFGDP/gcc-11-11.2.0/debian/tmp-nvptx/usr,amdgcn-amdhsa=/build/gcc-11-gBFGDP/gcc-11-11.2.0/debian/tmp-gcn/usr --without-cuda-driver --enable-checking=release --build=x86_64-linux-gnu --host=x86_64-linux-gnu --target=x86_64-linux-gnu --with-build-config=bootstrap-lto-lean --enable-link-serialization=2
Thread model: posix
Supported LTO compression algorithms: zlib zstd
gcc version 11.2.0 (Ubuntu 11.2.0-19ubuntu1) 
... rest of stderr output deleted ...
configure:3330: $? = 0
configure:3319: gcc -V >&5
gcc: error: unrecognized command-line option '-V'
gcc: fatal error: no input files
compilation terminated.
configure:3330: $? = 1
configure:3319: gcc -qversion >&5
gcc: error: unrecognized command-line option '-qversion'; did you mean '--version'?
gcc: fatal error: no input files
compilation terminated.
configure:3330: $? = 1
configure:3350: checking whether the C compiler works
configure:3372: gcc    conftest.c  >&5
configure:3376: $? = 0
configure:3424: result: yes
configure:3427: checking for C compiler default output file name
configure:3429: result: a.out
configure:3435: checking for suffix of executables
configure:3442: gcc -o conftest    conftest.c  >&5
configure:3446: $? = 0
configure:3468: result: 
configure:3490: checking whether we are cross compiling
configure:3498: gcc -o conftest    conftest.c  >&5
configure:3502: $? = 0
configure:3509: ./conftest
configure:3513: $? = 0
configure:3528: result: no
configure:3533: checking for suffix of object files
configure:3555: gcc -c   conftest.c >&5
configure:3559: $? = 0
configure:3580: result: o
configure:3584: checking whether we are using the GNU C compiler
configure:3603: gcc -c   conftest.c >&5
configure:3603: $? = 0
configure:3612: result: yes
configure:3621: checking whether gcc accepts -g
configure:3641: gcc -c -g  conftest.c >&5
configure:3641: $? = 0
configure:3682: result: yes
configure:3699: checking for gcc option to accept ISO C89
configure:3762: gcc  -c -g -O2  conftest.c >&5
configure:3762: $? = 0
configure:3775: result: none needed
configure:3806: checking for style of include used by make
configure:3834: result: GNU
configure:3860: checking dependency style of gcc
configure:3971: result: gcc3
configure:4044: checking for g++
configure:4060: found /usr/bin/g++
configure:4071: result: g++
configure:4098: checking for C++ compiler version
configure:4107: g++ --version >&5
g++ (Ubuntu 11.2.0-19ubuntu1) 11.2.0
Copyright (C) 2021 Free Software Foundation, Inc.
This is free software; see the source for copying conditions.  There is NO
warranty; not even for MERCHANTABILITY or FITNESS FOR A PARTICULAR PURPOSE.

configure:4118: $? = 0
configure:4107: g++ -v >&5
Using built-in specs.
COLLECT_GCC=g++
COLLECT_LTO_WRAPPER=/usr/lib/gcc/x86_64-linux-gnu/11/lto-wrapper
OFFLOAD_TARGET_NAMES=nvptx-none:amdgcn-amdhsa
OFFLOAD_TARGET_DEFAULT=1
Target: x86_64-linux-gnu
Configured with: ../src/configure -v --with-pkgversion='Ubuntu 11.2.0-19ubuntu1' --with-bugurl=file:///usr/share/doc/gcc-11/README.Bugs --enable-languages=c,ada,c++,go,brig,d,fortran,objc,obj-c++,m2 --prefix=/usr --with-gcc-major-version-only --program-suffix=-11 --program-prefix=x86_64-linux-gnu- --enable-shared --enable-linker-build-id --libexecdir=/usr/lib --without-included-gettext --enable-threads=posix --libdir=/usr/lib --enable-nls --enable-bootstrap --enable-clocale=gnu --enable-libstdcxx-debug --enable-libstdcxx-time=yes --with-default-libstdcxx-abi=new --enable-gnu-unique-object --disable-vtable-verify --enable-plugin --enable-default-pie --with-system-zlib --enable-libphobos-checking=release --with-target-system-zlib=auto --enable-objc-gc=auto --enable-multiarch --disable-werror --enable-cet --with-arch-32=i686 --with-abi=m64 --with-multilib-list=m32,m64,mx32 --enable-multilib --with-tune=generic --enable-offload-targets=nvptx-none=/build/gcc-11-gBFGDP/gcc-11-11.2.0/debian/tmp-nvptx/usr,amdgcn-amdhsa=/build/gcc-11-gBFGDP/gcc-11-11.2.0/debian/tmp-gcn/usr --without-cuda-driver --enable-checking=release --build=x86_64-linux-gnu --host=x86_64-linux-gnu --target=x86_64-linux-gnu --with-build-config=bootstrap-lto-lean --enable-link-serialization=2
Thread model: posix
Supported LTO compression algorithms: zlib zstd
gcc version 11.2.0 (Ubuntu 11.2.0-19ubuntu1) 
... rest of stderr output deleted ...
configure:4118: $? = 0
configure:4107: g++ -V >&5
g++: error: unrecognized command-line option '-V'
g++: fatal error: no input files
compilation terminated.
configure:4118: $? = 1
configure:4107: g++ -qversion >&5
g++: error: unrecognized command-line option '-qversion'; did you mean '--version'?
g++: fatal error: no input files
compilation terminated.
configure:4118: $? = 1
configure:4122: checking whether we are using the GNU C++ compiler
configure:4141: g++ -c   conftest.cpp >&5
configure:4141: $? = 0
configure:4150: result: yes
configure:4159: checking whether g++ accepts -g
configure:4179: g++ -c -g  conftest.cpp >&5
configure:4179: $? = 0
configure:4220: result: yes
configure:4245: checking dependency style of g++
configure:4356: result: gcc3
configure:4377: checking how to run the C preprocessor
configure:4408: gcc -E  conftest.c
configure:4408: $? = 0
configure:4422: gcc -E  conftest.c
conftest.c:11:10: fatal error: ac_nonexistent.h: No such file or directory
   11 | #include <ac_nonexistent.h>
      |          ^~~~~~~~~~~~~~~~~~
compilation terminated.
configure:4422: $? = 1
configure: failed program was:
| /* confdefs.h */
| #define PACKAGE_NAME "SIPp"
| #define PACKAGE_TARNAME "sipp"
| #define PACKAGE_VERSION "3.3.990"
| #define PACKAGE_STRING "SIPp 3.3.990"
| #define PACKAGE_BUGREPORT "sipp-users@lists.sourceforge.net"
| #define PACKAGE_URL ""
| #define PACKAGE "sipp"
| #define VERSION "3.3.990"
| /* end confdefs.h.  */
| #include <ac_nonexistent.h>
configure:4447: result: gcc -E
configure:4467: gcc -E  conftest.c
configure:4467: $? = 0
configure:4481: gcc -E  conftest.c
conftest.c:11:10: fatal error: ac_nonexistent.h: No such file or directory
   11 | #include <ac_nonexistent.h>
      |          ^~~~~~~~~~~~~~~~~~
compilation terminated.
configure:4481: $? = 1
configure: failed program was:
| /* confdefs.h */
| #define PACKAGE_NAME "SIPp"
| #define PACKAGE_TARNAME "sipp"
| #define PACKAGE_VERSION "3.3.990"
| #define PACKAGE_STRING "SIPp 3.3.990"
| #define PACKAGE_BUGREPORT "sipp-users@lists.sourceforge.net"
| #define PACKAGE_URL ""
| #define PACKAGE "sipp"
| #define VERSION "3.3.990"
| /* end confdefs.h.  */
| #include <ac_nonexistent.h>
configure:4510: checking for grep that handles long lines and -e
configure:4568: result: /usr/bin/grep
configure:4573: checking for egrep
configure:4635: result: /usr/bin/grep -E
configure:4640: checking for ANSI C header files
configure:4660: gcc -c -g -O2  conftest.c >&5
configure:4660: $? = 0
configure:4733: gcc -o conftest -g -O2   conftest.c  >&5
configure:4733: $? = 0
configure:4733: ./conftest
configure:4733: $? = 0
configure:4744: result: yes
configure:4787: checking for initscr in -lcurses
configure:4812: gcc -o conftest -g -O2 -D__LINUX  -D__LINUX  conftest.c -lcurses   >&5
configure:4812: $? = 0
configure:4821: result: yes
configure:4834: checking for pthread_mutex_init in -lpthread
configure:4859: gcc -o conftest -g -O2 -D__LINUX  -D__LINUX  conftest.c -lpthread  -lcurses  >&5
configure:4859: $? = 0
configure:4868: result: yes
configure:4878: checking for library containing dlopen
configure:4909: gcc -o conftest -g -O2 -D__LINUX  -D__LINUX  conftest.c -lcurses  >&5
configure:4909: $? = 0
configure:4926: result: none required
configure:4934: checking for library containing dlerror
configure:4965: gcc -o conftest -g -O2 -D__LINUX  -D__LINUX  conftest.c -lcurses  >&5
configure:4965: $? = 0
configure:4982: result: none required
configure:4990: checking for library containing dlsym
configure:5021: gcc -o conftest -g -O2 -D__LINUX  -D__LINUX  conftest.c -lcurses  >&5
configure:5021: $? = 0
configure:5038: result: none required
configure:5048: checking for library containing inet_addr
configure:5079: gcc -o conftest -g -O2 -D__LINUX  -D__LINUX  conftest.c -lcurses  >&5
configure:5079: $? = 0
configure:5096: result: none required
configure:5104: checking for library containing inet_ntoa
configure:5135: gcc -o conftest -g -O2 -D__LINUX  -D__LINUX  conftest.c -lcurses  >&5
configure:5135: $? = 0
configure:5152: result: none required
configure:5161: checking for library containing pthread_mutex_init
configure:5192: gcc -o conftest -g -O2 -D__LINUX  -D__LINUX  conftest.c -lcurses  >&5
configure:5192: $? = 0
configure:5209: result: none required
configure:5217: checking for library containing pthread_mutex_destroy
configure:5248: gcc -o conftest -g -O2 -D__LINUX  -D__LINUX  conftest.c -lcurses  >&5
configure:5248: $? = 0
configure:5265: result: none required
configure:5273: checking for library containing pthread_mutex_lock
configure:5304: gcc -o conftest -g -O2 -D__LINUX  -D__LINUX  conftest.c -lcurses  >&5
configure:5304: $? = 0
configure:5321: result: none required
configure:5329: checking for library containing pthread_mutex_unlock
configure:5360: gcc -o conftest -g -O2 -D__LINUX  -D__LINUX  conftest.c -lcurses  >&5
configure:5360: $? = 0
configure:5377: result: none required
configure:5385: checking for library containing pthread_self
configure:5416: gcc -o conftest -g -O2 -D__LINUX  -D__LINUX  conftest.c -lcurses  >&5
configure:5416: $? = 0
configure:5433: result: none required
configure:5441: checking for library containing pthread_cancel
configure:5472: gcc -o conftest -g -O2 -D__LINUX  -D__LINUX  conftest.c -lcurses  >&5
configure:5472: $? = 0
configure:5489: result: none required
configure:5497: checking for library containing pthread_join
configure:5528: gcc -o conftest -g -O2 -D__LINUX  -D__LINUX  conftest.c -lcurses  >&5
configure:5528: $? = 0
configure:5545: result: none required
configure:5553: checking for library containing pthread_attr_init
configure:5584: gcc -o conftest -g -O2 -D__LINUX  -D__LINUX  conftest.c -lcurses  >&5
configure:5584: $? = 0
configure:5601: result: none required
configure:5609: checking for library containing pthread_attr_setstacksize
configure:5640: gcc -o conftest -g -O2 -D__LINUX  -D__LINUX  conftest.c -lcurses  >&5
configure:5640: $? = 0
configure:5657: result: none required
configure:5665: checking for library containing pthread_create
configure:5696: gcc -o conftest -g -O2 -D__LINUX  -D__LINUX  conftest.c -lcurses  >&5
configure:5696: $? = 0
configure:5713: result: none required
configure:5721: checking for library containing pthread_attr_destroy
configure:5752: gcc -o conftest -g -O2 -D__LINUX  -D__LINUX  conftest.c -lcurses  >&5
configure:5752: $? = 0
configure:5769: result: none required
configure:5777: checking for library containing pthread_setschedparam
configure:5808: gcc -o conftest -g -O2 -D__LINUX  -D__LINUX  conftest.c -lcurses  >&5
configure:5808: $? = 0
configure:5825: result: none required
configure:5833: checking for library containing pthread_setcancelstate
configure:5864: gcc -o conftest -g -O2 -D__LINUX  -D__LINUX  conftest.c -lcurses  >&5
configure:5864: $? = 0
configure:5881: result: none required
configure:5889: checking for library containing pthread_setcanceltype
configure:5920: gcc -o conftest -g -O2 -D__LINUX  -D__LINUX  conftest.c -lcurses  >&5
configure:5920: $? = 0
configure:5937: result: none required
configure:5945: checking for library containing pthread_exit
configure:5976: gcc -o conftest -g -O2 -D__LINUX  -D__LINUX  conftest.c -lcurses  >&5
configure:5976: $? = 0
configure:5993: result: none required
configure:6001: checking for library containing pthread_sigmask
configure:6032: gcc -o conftest -g -O2 -D__LINUX  -D__LINUX  conftest.c -lcurses  >&5
configure:6032: $? = 0
configure:6049: result: none required
configure:6060: checking for library containing floor
configure:6091: gcc -o conftest -g -O2 -D__LINUX  -D__LINUX  conftest.c -lcurses  >&5
conftest.c:20:6: warning: conflicting types for built-in function 'floor'; expected 'double(double)' [-Wbuiltin-declaration-mismatch]
   20 | char floor ();
      |      ^~~~~
conftest.c:1:1: note: 'floor' is declared in header '<math.h>'
    1 | /* confdefs.h */
/usr/bin/ld: /tmp/cccSF1Wb.o: in function `main':
/home/uzair/Downloads/sipp-3.3.990/conftest.c:24: undefined reference to `floor'
collect2: error: ld returned 1 exit status
configure:6091: $? = 1
configure: failed program was:
| /* confdefs.h */
| #define PACKAGE_NAME "SIPp"
| #define PACKAGE_TARNAME "sipp"
| #define PACKAGE_VERSION "3.3.990"
| #define PACKAGE_STRING "SIPp 3.3.990"
| #define PACKAGE_BUGREPORT "sipp-users@lists.sourceforge.net"
| #define PACKAGE_URL ""
| #define PACKAGE "sipp"
| #define VERSION "3.3.990"
| #define STDC_HEADERS 1
| #define HAVE_LIBCURSES 1
| /* end confdefs.h.  */
| 
| /* Override any GCC internal prototype to avoid an error.
|    Use char because int might match the return type of a GCC
|    builtin and then its argument prototype would still apply.  */
| #ifdef __cplusplus
| extern "C"
| #endif
| char floor ();
| int
| main ()
| {
| return floor ();
|   ;
|   return 0;
| }
configure:6091: gcc -o conftest -g -O2 -D__LINUX  -D__LINUX  conftest.c -lm  -lcurses  >&5
conftest.c:20:6: warning: conflicting types for built-in function 'floor'; expected 'double(double)' [-Wbuiltin-declaration-mismatch]
   20 | char floor ();
      |      ^~~~~
conftest.c:1:1: note: 'floor' is declared in header '<math.h>'
    1 | /* confdefs.h */
configure:6091: $? = 0
configure:6108: result: -lm
configure:6116: checking for library containing pow
configure:6147: gcc -o conftest -g -O2 -D__LINUX  -D__LINUX  conftest.c -lm -lcurses  >&5
conftest.c:20:6: warning: conflicting types for built-in function 'pow'; expected 'double(double,  double)' [-Wbuiltin-declaration-mismatch]
   20 | char pow ();
      |      ^~~
conftest.c:1:1: note: 'pow' is declared in header '<math.h>'
    1 | /* confdefs.h */
configure:6147: $? = 0
configure:6164: result: none required
configure:6174: checking for library containing htons
configure:6205: gcc -o conftest -g -O2 -D__LINUX  -D__LINUX  conftest.c -lm -lcurses  >&5
configure:6205: $? = 0
configure:6222: result: none required
configure:6230: checking for library containing ntohs
configure:6261: gcc -o conftest -g -O2 -D__LINUX  -D__LINUX  conftest.c -lm -lcurses  >&5
configure:6261: $? = 0
configure:6278: result: none required
configure:6286: checking for library containing bind
configure:6317: gcc -o conftest -g -O2 -D__LINUX  -D__LINUX  conftest.c -lm -lcurses  >&5
configure:6317: $? = 0
configure:6334: result: none required
configure:6342: checking for library containing freeaddrinfo
configure:6373: gcc -o conftest -g -O2 -D__LINUX  -D__LINUX  conftest.c -lm -lcurses  >&5
configure:6373: $? = 0
configure:6390: result: none required
configure:6398: checking for library containing getaddrinfo
configure:6429: gcc -o conftest -g -O2 -D__LINUX  -D__LINUX  conftest.c -lm -lcurses  >&5
configure:6429: $? = 0
configure:6446: result: none required
configure:6454: checking for library containing listen
configure:6485: gcc -o conftest -g -O2 -D__LINUX  -D__LINUX  conftest.c -lm -lcurses  >&5
configure:6485: $? = 0
configure:6502: result: none required
configure:6510: checking for library containing recvfrom
configure:6541: gcc -o conftest -g -O2 -D__LINUX  -D__LINUX  conftest.c -lm -lcurses  >&5
configure:6541: $? = 0
configure:6558: result: none required
configure:6566: checking for library containing shutdown
configure:6597: gcc -o conftest -g -O2 -D__LINUX  -D__LINUX  conftest.c -lm -lcurses  >&5
configure:6597: $? = 0
configure:6614: result: none required
configure:7558: checking linux/version.h usability
configure:7558: gcc -c -g -O2 -D__LINUX  -D__LINUX conftest.c >&5
configure:7558: $? = 0
configure:7558: result: yes
configure:7558: checking linux/version.h presence
configure:7558: gcc -E  -D__LINUX conftest.c
configure:7558: $? = 0
configure:7558: result: yes
configure:7558: checking for linux/version.h
configure:7558: result: yes
configure:7564: checking for Linux epoll(7) interface
configure:7590: gcc -o conftest -g -O2 -D__LINUX  -D__LINUX -DHAVE_LINUX_VERSION_H  conftest.c -lm -lcurses  >&5
configure:7590: $? = 0
configure:7601: result: yes
configure:7665: checking for size_t
configure:7665: gcc -c -g -O2 -D__LINUX  -D__LINUX conftest.c >&5
configure:7665: $? = 0
configure:7665: gcc -c -g -O2 -D__LINUX  -D__LINUX conftest.c >&5
conftest.c: In function 'main':
conftest.c:50:21: error: expected expression before ')' token
   50 | if (sizeof ((size_t)))
      |                     ^
configure:7665: $? = 1
configure: failed program was:
| /* confdefs.h */
| #define PACKAGE_NAME "SIPp"
| #define PACKAGE_TARNAME "sipp"
| #define PACKAGE_VERSION "3.3.990"
| #define PACKAGE_STRING "SIPp 3.3.990"
| #define PACKAGE_BUGREPORT "sipp-users@lists.sourceforge.net"
| #define PACKAGE_URL ""
| #define PACKAGE "sipp"
| #define VERSION "3.3.990"
| #define STDC_HEADERS 1
| #define HAVE_LIBCURSES 1
| #define HAVE_EPOLL 1
| /* end confdefs.h.  */
| #include <stdio.h>
| #ifdef HAVE_SYS_TYPES_H
| # include <sys/types.h>
| #endif
| #ifdef HAVE_SYS_STAT_H
| # include <sys/stat.h>
| #endif
| #ifdef STDC_HEADERS
| # include <stdlib.h>
| # include <stddef.h>
| #else
| # ifdef HAVE_STDLIB_H
| #  include <stdlib.h>
| # endif
| #endif
| #ifdef HAVE_STRING_H
| # if !defined STDC_HEADERS && defined HAVE_MEMORY_H
| #  include <memory.h>
| # endif
| # include <string.h>
| #endif
| #ifdef HAVE_STRINGS_H
| # include <strings.h>
| #endif
| #ifdef HAVE_INTTYPES_H
| # include <inttypes.h>
| #endif
| #ifdef HAVE_STDINT_H
| # include <stdint.h>
| #endif
| #ifdef HAVE_UNISTD_H
| # include <unistd.h>
| #endif
| int
| main ()
| {
| if (sizeof ((size_t)))
| 	    return 0;
|   ;
|   return 0;
| }
configure:7665: result: yes
configure:7678: checking for working alloca.h
configure:7695: gcc -o conftest -g -O2 -D__LINUX  -D__LINUX  conftest.c -lm -lcurses  >&5
configure:7695: $? = 0
configure:7703: result: yes
configure:7711: checking for alloca
configure:7748: gcc -o conftest -g -O2 -D__LINUX  -D__LINUX  conftest.c -lm -lcurses  >&5
configure:7748: $? = 0
configure:7756: result: yes
configure:7865: checking arpa/inet.h usability
configure:7865: gcc -c -g -O2 -D__LINUX  -D__LINUX conftest.c >&5
configure:7865: $? = 0
configure:7865: result: yes
configure:7865: checking arpa/inet.h presence
configure:7865: gcc -E  -D__LINUX conftest.c
configure:7865: $? = 0
configure:7865: result: yes
configure:7865: checking for arpa/inet.h
configure:7865: result: yes
configure:7865: checking fcntl.h usability
configure:7865: gcc -c -g -O2 -D__LINUX  -D__LINUX conftest.c >&5
configure:7865: $? = 0
configure:7865: result: yes
configure:7865: checking fcntl.h presence
configure:7865: gcc -E  -D__LINUX conftest.c
configure:7865: $? = 0
configure:7865: result: yes
configure:7865: checking for fcntl.h
configure:7865: result: yes
configure:7865: checking limits.h usability
configure:7865: gcc -c -g -O2 -D__LINUX  -D__LINUX conftest.c >&5
configure:7865: $? = 0
configure:7865: result: yes
configure:7865: checking limits.h presence
configure:7865: gcc -E  -D__LINUX conftest.c
configure:7865: $? = 0
configure:7865: result: yes
configure:7865: checking for limits.h
configure:7865: result: yes
configure:7865: checking netdb.h usability
configure:7865: gcc -c -g -O2 -D__LINUX  -D__LINUX conftest.c >&5
configure:7865: $? = 0
configure:7865: result: yes
configure:7865: checking netdb.h presence
configure:7865: gcc -E  -D__LINUX conftest.c
configure:7865: $? = 0
configure:7865: result: yes
configure:7865: checking for netdb.h
configure:7865: result: yes
configure:7865: checking netinet/in.h usability
configure:7865: gcc -c -g -O2 -D__LINUX  -D__LINUX conftest.c >&5
configure:7865: $? = 0
configure:7865: result: yes
configure:7865: checking netinet/in.h presence
configure:7865: gcc -E  -D__LINUX conftest.c
configure:7865: $? = 0
configure:7865: result: yes
configure:7865: checking for netinet/in.h
configure:7865: result: yes
configure:7865: checking stdlib.h usability
configure:7865: gcc -c -g -O2 -D__LINUX  -D__LINUX conftest.c >&5
configure:7865: $? = 0
configure:7865: result: yes
configure:7865: checking stdlib.h presence
configure:7865: gcc -E  -D__LINUX conftest.c
configure:7865: $? = 0
configure:7865: result: yes
configure:7865: checking for stdlib.h
configure:7865: result: yes
configure:7865: checking string.h usability
configure:7865: gcc -c -g -O2 -D__LINUX  -D__LINUX conftest.c >&5
configure:7865: $? = 0
configure:7865: result: yes
configure:7865: checking string.h presence
configure:7865: gcc -E  -D__LINUX conftest.c
configure:7865: $? = 0
configure:7865: result: yes
configure:7865: checking for string.h
configure:7865: result: yes
configure:7865: checking sys/socket.h usability
configure:7865: gcc -c -g -O2 -D__LINUX  -D__LINUX conftest.c >&5
configure:7865: $? = 0
configure:7865: result: yes
configure:7865: checking sys/socket.h presence
configure:7865: gcc -E  -D__LINUX conftest.c
configure:7865: $? = 0
configure:7865: result: yes
configure:7865: checking for sys/socket.h
configure:7865: result: yes
configure:7865: checking sys/time.h usability
configure:7865: gcc -c -g -O2 -D__LINUX  -D__LINUX conftest.c >&5
configure:7865: $? = 0
configure:7865: result: yes
configure:7865: checking sys/time.h presence
configure:7865: gcc -E  -D__LINUX conftest.c
configure:7865: $? = 0
configure:7865: result: yes
configure:7865: checking for sys/time.h
configure:7865: result: yes
configure:7865: checking unistd.h usability
configure:7865: gcc -c -g -O2 -D__LINUX  -D__LINUX conftest.c >&5
configure:7865: $? = 0
configure:7865: result: yes
configure:7865: checking unistd.h presence
configure:7865: gcc -E  -D__LINUX conftest.c
configure:7865: $? = 0
configure:7865: result: yes
configure:7865: checking for unistd.h
configure:7865: result: yes
configure:7878: checking for stdbool.h that conforms to C99
configure:7945: gcc -c -g -O2 -D__LINUX  -D__LINUX conftest.c >&5
configure:7945: $? = 0
configure:7952: result: yes
configure:7954: checking for _Bool
configure:7954: gcc -c -g -O2 -D__LINUX  -D__LINUX conftest.c >&5
configure:7954: $? = 0
configure:7954: gcc -c -g -O2 -D__LINUX  -D__LINUX conftest.c >&5
conftest.c: In function 'main':
conftest.c:62:20: error: expected expression before ')' token
   62 | if (sizeof ((_Bool)))
      |                    ^
configure:7954: $? = 1
configure: failed program was:
| /* confdefs.h */
| #define PACKAGE_NAME "SIPp"
| #define PACKAGE_TARNAME "sipp"
| #define PACKAGE_VERSION "3.3.990"
| #define PACKAGE_STRING "SIPp 3.3.990"
| #define PACKAGE_BUGREPORT "sipp-users@lists.sourceforge.net"
| #define PACKAGE_URL ""
| #define PACKAGE "sipp"
| #define VERSION "3.3.990"
| #define STDC_HEADERS 1
| #define HAVE_LIBCURSES 1
| #define HAVE_EPOLL 1
| #define HAVE_ALLOCA_H 1
| #define HAVE_ALLOCA 1
| #define HAVE_ARPA_INET_H 1
| #define HAVE_FCNTL_H 1
| #define HAVE_LIMITS_H 1
| #define HAVE_NETDB_H 1
| #define HAVE_NETINET_IN_H 1
| #define HAVE_STDLIB_H 1
| #define HAVE_STRING_H 1
| #define HAVE_SYS_SOCKET_H 1
| #define HAVE_SYS_TIME_H 1
| #define HAVE_UNISTD_H 1
| /* end confdefs.h.  */
| #include <stdio.h>
| #ifdef HAVE_SYS_TYPES_H
| # include <sys/types.h>
| #endif
| #ifdef HAVE_SYS_STAT_H
| # include <sys/stat.h>
| #endif
| #ifdef STDC_HEADERS
| # include <stdlib.h>
| # include <stddef.h>
| #else
| # ifdef HAVE_STDLIB_H
| #  include <stdlib.h>
| # endif
| #endif
| #ifdef HAVE_STRING_H
| # if !defined STDC_HEADERS && defined HAVE_MEMORY_H
| #  include <memory.h>
| # endif
| # include <string.h>
| #endif
| #ifdef HAVE_STRINGS_H
| # include <strings.h>
| #endif
| #ifdef HAVE_INTTYPES_H
| # include <inttypes.h>
| #endif
| #ifdef HAVE_STDINT_H
| # include <stdint.h>
| #endif
| #ifdef HAVE_UNISTD_H
| # include <unistd.h>
| #endif
| int
| main ()
| {
| if (sizeof ((_Bool)))
| 	    return 0;
|   ;
|   return 0;
| }
configure:7954: result: yes
configure:7971: checking for inline
configure:7987: gcc -c -g -O2 -D__LINUX  -D__LINUX conftest.c >&5
configure:7987: $? = 0
configure:7995: result: inline
configure:8013: checking for pid_t
configure:8013: gcc -c -g -O2 -D__LINUX  -D__LINUX conftest.c >&5
configure:8013: $? = 0
configure:8013: gcc -c -g -O2 -D__LINUX  -D__LINUX conftest.c >&5
conftest.c: In function 'main':
conftest.c:64:20: error: expected expression before ')' token
   64 | if (sizeof ((pid_t)))
      |                    ^
configure:8013: $? = 1
configure: failed program was:
| /* confdefs.h */
| #define PACKAGE_NAME "SIPp"
| #define PACKAGE_TARNAME "sipp"
| #define PACKAGE_VERSION "3.3.990"
| #define PACKAGE_STRING "SIPp 3.3.990"
| #define PACKAGE_BUGREPORT "sipp-users@lists.sourceforge.net"
| #define PACKAGE_URL ""
| #define PACKAGE "sipp"
| #define VERSION "3.3.990"
| #define STDC_HEADERS 1
| #define HAVE_LIBCURSES 1
| #define HAVE_EPOLL 1
| #define HAVE_ALLOCA_H 1
| #define HAVE_ALLOCA 1
| #define HAVE_ARPA_INET_H 1
| #define HAVE_FCNTL_H 1
| #define HAVE_LIMITS_H 1
| #define HAVE_NETDB_H 1
| #define HAVE_NETINET_IN_H 1
| #define HAVE_STDLIB_H 1
| #define HAVE_STRING_H 1
| #define HAVE_SYS_SOCKET_H 1
| #define HAVE_SYS_TIME_H 1
| #define HAVE_UNISTD_H 1
| #define HAVE__BOOL 1
| #define HAVE_STDBOOL_H 1
| /* end confdefs.h.  */
| #include <stdio.h>
| #ifdef HAVE_SYS_TYPES_H
| # include <sys/types.h>
| #endif
| #ifdef HAVE_SYS_STAT_H
| # include <sys/stat.h>
| #endif
| #ifdef STDC_HEADERS
| # include <stdlib.h>
| # include <stddef.h>
| #else
| # ifdef HAVE_STDLIB_H
| #  include <stdlib.h>
| # endif
| #endif
| #ifdef HAVE_STRING_H
| # if !defined STDC_HEADERS && defined HAVE_MEMORY_H
| #  include <memory.h>
| # endif
| # include <string.h>
| #endif
| #ifdef HAVE_STRINGS_H
| # include <strings.h>
| #endif
| #ifdef HAVE_INTTYPES_H
| # include <inttypes.h>
| #endif
| #ifdef HAVE_STDINT_H
| # include <stdint.h>
| #endif
| #ifdef HAVE_UNISTD_H
| # include <unistd.h>
| #endif
| int
| main ()
| {
| if (sizeof ((pid_t)))
| 	    return 0;
|   ;
|   return 0;
| }
configure:8013: result: yes
configure:8024: checking for size_t
configure:8024: result: yes
configure:8035: checking for ssize_t
configure:8035: gcc -c -g -O2 -D__LINUX  -D__LINUX conftest.c >&5
configure:8035: $? = 0
configure:8035: gcc -c -g -O2 -D__LINUX  -D__LINUX conftest.c >&5
conftest.c: In function 'main':
conftest.c:64:22: error: expected expression before ')' token
   64 | if (sizeof ((ssize_t)))
      |                      ^
configure:8035: $? = 1
configure: failed program was:
| /* confdefs.h */
| #define PACKAGE_NAME "SIPp"
| #define PACKAGE_TARNAME "sipp"
| #define PACKAGE_VERSION "3.3.990"
| #define PACKAGE_STRING "SIPp 3.3.990"
| #define PACKAGE_BUGREPORT "sipp-users@lists.sourceforge.net"
| #define PACKAGE_URL ""
| #define PACKAGE "sipp"
| #define VERSION "3.3.990"
| #define STDC_HEADERS 1
| #define HAVE_LIBCURSES 1
| #define HAVE_EPOLL 1
| #define HAVE_ALLOCA_H 1
| #define HAVE_ALLOCA 1
| #define HAVE_ARPA_INET_H 1
| #define HAVE_FCNTL_H 1
| #define HAVE_LIMITS_H 1
| #define HAVE_NETDB_H 1
| #define HAVE_NETINET_IN_H 1
| #define HAVE_STDLIB_H 1
| #define HAVE_STRING_H 1
| #define HAVE_SYS_SOCKET_H 1
| #define HAVE_SYS_TIME_H 1
| #define HAVE_UNISTD_H 1
| #define HAVE__BOOL 1
| #define HAVE_STDBOOL_H 1
| /* end confdefs.h.  */
| #include <stdio.h>
| #ifdef HAVE_SYS_TYPES_H
| # include <sys/types.h>
| #endif
| #ifdef HAVE_SYS_STAT_H
| # include <sys/stat.h>
| #endif
| #ifdef STDC_HEADERS
| # include <stdlib.h>
| # include <stddef.h>
| #else
| # ifdef HAVE_STDLIB_H
| #  include <stdlib.h>
| # endif
| #endif
| #ifdef HAVE_STRING_H
| # if !defined STDC_HEADERS && defined HAVE_MEMORY_H
| #  include <memory.h>
| # endif
| # include <string.h>
| #endif
| #ifdef HAVE_STRINGS_H
| # include <strings.h>
| #endif
| #ifdef HAVE_INTTYPES_H
| # include <inttypes.h>
| #endif
| #ifdef HAVE_STDINT_H
| # include <stdint.h>
| #endif
| #ifdef HAVE_UNISTD_H
| # include <unistd.h>
| #endif
| int
| main ()
| {
| if (sizeof ((ssize_t)))
| 	    return 0;
|   ;
|   return 0;
| }
configure:8035: result: yes
configure:8046: checking for uint16_t
configure:8046: gcc -c -g -O2 -D__LINUX  -D__LINUX conftest.c >&5
conftest.c: In function 'main':
conftest.c:64:36: error: 'uint16_t' undeclared (first use in this function)
   64 | static int test_array [1 - 2 * !(((uint16_t) -1 >> (16 / 2 - 1)) >> (16 / 2 - 1) == 3)];
      |                                    ^~~~~~~~
conftest.c:60:1: note: 'uint16_t' is defined in header '<stdint.h>'; did you forget to '#include <stdint.h>'?
   59 | # include <unistd.h>
   60 | #endif
conftest.c:64:36: note: each undeclared identifier is reported only once for each function it appears in
   64 | static int test_array [1 - 2 * !(((uint16_t) -1 >> (16 / 2 - 1)) >> (16 / 2 - 1) == 3)];
      |                                    ^~~~~~~~
configure:8046: $? = 1
configure: failed program was:
| /* confdefs.h */
| #define PACKAGE_NAME "SIPp"
| #define PACKAGE_TARNAME "sipp"
| #define PACKAGE_VERSION "3.3.990"
| #define PACKAGE_STRING "SIPp 3.3.990"
| #define PACKAGE_BUGREPORT "sipp-users@lists.sourceforge.net"
| #define PACKAGE_URL ""
| #define PACKAGE "sipp"
| #define VERSION "3.3.990"
| #define STDC_HEADERS 1
| #define HAVE_LIBCURSES 1
| #define HAVE_EPOLL 1
| #define HAVE_ALLOCA_H 1
| #define HAVE_ALLOCA 1
| #define HAVE_ARPA_INET_H 1
| #define HAVE_FCNTL_H 1
| #define HAVE_LIMITS_H 1
| #define HAVE_NETDB_H 1
| #define HAVE_NETINET_IN_H 1
| #define HAVE_STDLIB_H 1
| #define HAVE_STRING_H 1
| #define HAVE_SYS_SOCKET_H 1
| #define HAVE_SYS_TIME_H 1
| #define HAVE_UNISTD_H 1
| #define HAVE__BOOL 1
| #define HAVE_STDBOOL_H 1
| /* end confdefs.h.  */
| #include <stdio.h>
| #ifdef HAVE_SYS_TYPES_H
| # include <sys/types.h>
| #endif
| #ifdef HAVE_SYS_STAT_H
| # include <sys/stat.h>
| #endif
| #ifdef STDC_HEADERS
| # include <stdlib.h>
| # include <stddef.h>
| #else
| # ifdef HAVE_STDLIB_H
| #  include <stdlib.h>
| # endif
| #endif
| #ifdef HAVE_STRING_H
| # if !defined STDC_HEADERS && defined HAVE_MEMORY_H
| #  include <memory.h>
| # endif
| # include <string.h>
| #endif
| #ifdef HAVE_STRINGS_H
| # include <strings.h>
| #endif
| #ifdef HAVE_INTTYPES_H
| # include <inttypes.h>
| #endif
| #ifdef HAVE_STDINT_H
| # include <stdint.h>
| #endif
| #ifdef HAVE_UNISTD_H
| # include <unistd.h>
| #endif
| int
| main ()
| {
| static int test_array [1 - 2 * !(((uint16_t) -1 >> (16 / 2 - 1)) >> (16 / 2 - 1) == 3)];
| test_array [0] = 0;
| return test_array [0];
| 
|   ;
|   return 0;
| }
configure:8046: gcc -c -g -O2 -D__LINUX  -D__LINUX conftest.c >&5
conftest.c: In function 'main':
conftest.c:64:12: error: size of array 'test_array' is negative
   64 | static int test_array [1 - 2 * !(((unsigned int) -1 >> (16 / 2 - 1)) >> (16 / 2 - 1) == 3)];
      |            ^~~~~~~~~~
configure:8046: $? = 1
configure: failed program was:
| /* confdefs.h */
| #define PACKAGE_NAME "SIPp"
| #define PACKAGE_TARNAME "sipp"
| #define PACKAGE_VERSION "3.3.990"
| #define PACKAGE_STRING "SIPp 3.3.990"
| #define PACKAGE_BUGREPORT "sipp-users@lists.sourceforge.net"
| #define PACKAGE_URL ""
| #define PACKAGE "sipp"
| #define VERSION "3.3.990"
| #define STDC_HEADERS 1
| #define HAVE_LIBCURSES 1
| #define HAVE_EPOLL 1
| #define HAVE_ALLOCA_H 1
| #define HAVE_ALLOCA 1
| #define HAVE_ARPA_INET_H 1
| #define HAVE_FCNTL_H 1
| #define HAVE_LIMITS_H 1
| #define HAVE_NETDB_H 1
| #define HAVE_NETINET_IN_H 1
| #define HAVE_STDLIB_H 1
| #define HAVE_STRING_H 1
| #define HAVE_SYS_SOCKET_H 1
| #define HAVE_SYS_TIME_H 1
| #define HAVE_UNISTD_H 1
| #define HAVE__BOOL 1
| #define HAVE_STDBOOL_H 1
| /* end confdefs.h.  */
| #include <stdio.h>
| #ifdef HAVE_SYS_TYPES_H
| # include <sys/types.h>
| #endif
| #ifdef HAVE_SYS_STAT_H
| # include <sys/stat.h>
| #endif
| #ifdef STDC_HEADERS
| # include <stdlib.h>
| # include <stddef.h>
| #else
| # ifdef HAVE_STDLIB_H
| #  include <stdlib.h>
| # endif
| #endif
| #ifdef HAVE_STRING_H
| # if !defined STDC_HEADERS && defined HAVE_MEMORY_H
| #  include <memory.h>
| # endif
| # include <string.h>
| #endif
| #ifdef HAVE_STRINGS_H
| # include <strings.h>
| #endif
| #ifdef HAVE_INTTYPES_H
| # include <inttypes.h>
| #endif
| #ifdef HAVE_STDINT_H
| # include <stdint.h>
| #endif
| #ifdef HAVE_UNISTD_H
| # include <unistd.h>
| #endif
| int
| main ()
| {
| static int test_array [1 - 2 * !(((unsigned int) -1 >> (16 / 2 - 1)) >> (16 / 2 - 1) == 3)];
| test_array [0] = 0;
| return test_array [0];
| 
|   ;
|   return 0;
| }
configure:8046: gcc -c -g -O2 -D__LINUX  -D__LINUX conftest.c >&5
conftest.c: In function 'main':
conftest.c:64:12: error: size of array 'test_array' is negative
   64 | static int test_array [1 - 2 * !(((unsigned long int) -1 >> (16 / 2 - 1)) >> (16 / 2 - 1) == 3)];
      |            ^~~~~~~~~~
configure:8046: $? = 1
configure: failed program was:
| /* confdefs.h */
| #define PACKAGE_NAME "SIPp"
| #define PACKAGE_TARNAME "sipp"
| #define PACKAGE_VERSION "3.3.990"
| #define PACKAGE_STRING "SIPp 3.3.990"
| #define PACKAGE_BUGREPORT "sipp-users@lists.sourceforge.net"
| #define PACKAGE_URL ""
| #define PACKAGE "sipp"
| #define VERSION "3.3.990"
| #define STDC_HEADERS 1
| #define HAVE_LIBCURSES 1
| #define HAVE_EPOLL 1
| #define HAVE_ALLOCA_H 1
| #define HAVE_ALLOCA 1
| #define HAVE_ARPA_INET_H 1
| #define HAVE_FCNTL_H 1
| #define HAVE_LIMITS_H 1
| #define HAVE_NETDB_H 1
| #define HAVE_NETINET_IN_H 1
| #define HAVE_STDLIB_H 1
| #define HAVE_STRING_H 1
| #define HAVE_SYS_SOCKET_H 1
| #define HAVE_SYS_TIME_H 1
| #define HAVE_UNISTD_H 1
| #define HAVE__BOOL 1
| #define HAVE_STDBOOL_H 1
| /* end confdefs.h.  */
| #include <stdio.h>
| #ifdef HAVE_SYS_TYPES_H
| # include <sys/types.h>
| #endif
| #ifdef HAVE_SYS_STAT_H
| # include <sys/stat.h>
| #endif
| #ifdef STDC_HEADERS
| # include <stdlib.h>
| # include <stddef.h>
| #else
| # ifdef HAVE_STDLIB_H
| #  include <stdlib.h>
| # endif
| #endif
| #ifdef HAVE_STRING_H
| # if !defined STDC_HEADERS && defined HAVE_MEMORY_H
| #  include <memory.h>
| # endif
| # include <string.h>
| #endif
| #ifdef HAVE_STRINGS_H
| # include <strings.h>
| #endif
| #ifdef HAVE_INTTYPES_H
| # include <inttypes.h>
| #endif
| #ifdef HAVE_STDINT_H
| # include <stdint.h>
| #endif
| #ifdef HAVE_UNISTD_H
| # include <unistd.h>
| #endif
| int
| main ()
| {
| static int test_array [1 - 2 * !(((unsigned long int) -1 >> (16 / 2 - 1)) >> (16 / 2 - 1) == 3)];
| test_array [0] = 0;
| return test_array [0];
| 
|   ;
|   return 0;
| }
configure:8046: gcc -c -g -O2 -D__LINUX  -D__LINUX conftest.c >&5
conftest.c: In function 'main':
conftest.c:64:12: error: size of array 'test_array' is negative
   64 | static int test_array [1 - 2 * !(((unsigned long long int) -1 >> (16 / 2 - 1)) >> (16 / 2 - 1) == 3)];
      |            ^~~~~~~~~~
configure:8046: $? = 1
configure: failed program was:
| /* confdefs.h */
| #define PACKAGE_NAME "SIPp"
| #define PACKAGE_TARNAME "sipp"
| #define PACKAGE_VERSION "3.3.990"
| #define PACKAGE_STRING "SIPp 3.3.990"
| #define PACKAGE_BUGREPORT "sipp-users@lists.sourceforge.net"
| #define PACKAGE_URL ""
| #define PACKAGE "sipp"
| #define VERSION "3.3.990"
| #define STDC_HEADERS 1
| #define HAVE_LIBCURSES 1
| #define HAVE_EPOLL 1
| #define HAVE_ALLOCA_H 1
| #define HAVE_ALLOCA 1
| #define HAVE_ARPA_INET_H 1
| #define HAVE_FCNTL_H 1
| #define HAVE_LIMITS_H 1
| #define HAVE_NETDB_H 1
| #define HAVE_NETINET_IN_H 1
| #define HAVE_STDLIB_H 1
| #define HAVE_STRING_H 1
| #define HAVE_SYS_SOCKET_H 1
| #define HAVE_SYS_TIME_H 1
| #define HAVE_UNISTD_H 1
| #define HAVE__BOOL 1
| #define HAVE_STDBOOL_H 1
| /* end confdefs.h.  */
| #include <stdio.h>
| #ifdef HAVE_SYS_TYPES_H
| # include <sys/types.h>
| #endif
| #ifdef HAVE_SYS_STAT_H
| # include <sys/stat.h>
| #endif
| #ifdef STDC_HEADERS
| # include <stdlib.h>
| # include <stddef.h>
| #else
| # ifdef HAVE_STDLIB_H
| #  include <stdlib.h>
| # endif
| #endif
| #ifdef HAVE_STRING_H
| # if !defined STDC_HEADERS && defined HAVE_MEMORY_H
| #  include <memory.h>
| # endif
| # include <string.h>
| #endif
| #ifdef HAVE_STRINGS_H
| # include <strings.h>
| #endif
| #ifdef HAVE_INTTYPES_H
| # include <inttypes.h>
| #endif
| #ifdef HAVE_STDINT_H
| # include <stdint.h>
| #endif
| #ifdef HAVE_UNISTD_H
| # include <unistd.h>
| #endif
| int
| main ()
| {
| static int test_array [1 - 2 * !(((unsigned long long int) -1 >> (16 / 2 - 1)) >> (16 / 2 - 1) == 3)];
| test_array [0] = 0;
| return test_array [0];
| 
|   ;
|   return 0;
| }
configure:8046: gcc -c -g -O2 -D__LINUX  -D__LINUX conftest.c >&5
configure:8046: $? = 0
configure:8046: result: unsigned short int
configure:8058: checking for uint32_t
configure:8058: gcc -c -g -O2 -D__LINUX  -D__LINUX conftest.c >&5
conftest.c: In function 'main':
conftest.c:65:36: error: 'uint32_t' undeclared (first use in this function)
   65 | static int test_array [1 - 2 * !(((uint32_t) -1 >> (32 / 2 - 1)) >> (32 / 2 - 1) == 3)];
      |                                    ^~~~~~~~
conftest.c:61:1: note: 'uint32_t' is defined in header '<stdint.h>'; did you forget to '#include <stdint.h>'?
   60 | # include <unistd.h>
   61 | #endif
conftest.c:65:36: note: each undeclared identifier is reported only once for each function it appears in
   65 | static int test_array [1 - 2 * !(((uint32_t) -1 >> (32 / 2 - 1)) >> (32 / 2 - 1) == 3)];
      |                                    ^~~~~~~~
configure:8058: $? = 1
configure: failed program was:
| /* confdefs.h */
| #define PACKAGE_NAME "SIPp"
| #define PACKAGE_TARNAME "sipp"
| #define PACKAGE_VERSION "3.3.990"
| #define PACKAGE_STRING "SIPp 3.3.990"
| #define PACKAGE_BUGREPORT "sipp-users@lists.sourceforge.net"
| #define PACKAGE_URL ""
| #define PACKAGE "sipp"
| #define VERSION "3.3.990"
| #define STDC_HEADERS 1
| #define HAVE_LIBCURSES 1
| #define HAVE_EPOLL 1
| #define HAVE_ALLOCA_H 1
| #define HAVE_ALLOCA 1
| #define HAVE_ARPA_INET_H 1
| #define HAVE_FCNTL_H 1
| #define HAVE_LIMITS_H 1
| #define HAVE_NETDB_H 1
| #define HAVE_NETINET_IN_H 1
| #define HAVE_STDLIB_H 1
| #define HAVE_STRING_H 1
| #define HAVE_SYS_SOCKET_H 1
| #define HAVE_SYS_TIME_H 1
| #define HAVE_UNISTD_H 1
| #define HAVE__BOOL 1
| #define HAVE_STDBOOL_H 1
| #define uint16_t unsigned short int
| /* end confdefs.h.  */
| #include <stdio.h>
| #ifdef HAVE_SYS_TYPES_H
| # include <sys/types.h>
| #endif
| #ifdef HAVE_SYS_STAT_H
| # include <sys/stat.h>
| #endif
| #ifdef STDC_HEADERS
| # include <stdlib.h>
| # include <stddef.h>
| #else
| # ifdef HAVE_STDLIB_H
| #  include <stdlib.h>
| # endif
| #endif
| #ifdef HAVE_STRING_H
| # if !defined STDC_HEADERS && defined HAVE_MEMORY_H
| #  include <memory.h>
| # endif
| # include <string.h>
| #endif
| #ifdef HAVE_STRINGS_H
| # include <strings.h>
| #endif
| #ifdef HAVE_INTTYPES_H
| # include <inttypes.h>
| #endif
| #ifdef HAVE_STDINT_H
| # include <stdint.h>
| #endif
| #ifdef HAVE_UNISTD_H
| # include <unistd.h>
| #endif
| int
| main ()
| {
| static int test_array [1 - 2 * !(((uint32_t) -1 >> (32 / 2 - 1)) >> (32 / 2 - 1) == 3)];
| test_array [0] = 0;
| return test_array [0];
| 
|   ;
|   return 0;
| }
configure:8058: gcc -c -g -O2 -D__LINUX  -D__LINUX conftest.c >&5
configure:8058: $? = 0
configure:8058: result: unsigned int
configure:8072: checking for uint8_t
configure:8072: gcc -c -g -O2 -D__LINUX  -D__LINUX conftest.c >&5
conftest.c: In function 'main':
conftest.c:67:36: error: 'uint8_t' undeclared (first use in this function)
   67 | static int test_array [1 - 2 * !(((uint8_t) -1 >> (8 / 2 - 1)) >> (8 / 2 - 1) == 3)];
      |                                    ^~~~~~~
conftest.c:63:1: note: 'uint8_t' is defined in header '<stdint.h>'; did you forget to '#include <stdint.h>'?
   62 | # include <unistd.h>
   63 | #endif
conftest.c:67:36: note: each undeclared identifier is reported only once for each function it appears in
   67 | static int test_array [1 - 2 * !(((uint8_t) -1 >> (8 / 2 - 1)) >> (8 / 2 - 1) == 3)];
      |                                    ^~~~~~~
configure:8072: $? = 1
configure: failed program was:
| /* confdefs.h */
| #define PACKAGE_NAME "SIPp"
| #define PACKAGE_TARNAME "sipp"
| #define PACKAGE_VERSION "3.3.990"
| #define PACKAGE_STRING "SIPp 3.3.990"
| #define PACKAGE_BUGREPORT "sipp-users@lists.sourceforge.net"
| #define PACKAGE_URL ""
| #define PACKAGE "sipp"
| #define VERSION "3.3.990"
| #define STDC_HEADERS 1
| #define HAVE_LIBCURSES 1
| #define HAVE_EPOLL 1
| #define HAVE_ALLOCA_H 1
| #define HAVE_ALLOCA 1
| #define HAVE_ARPA_INET_H 1
| #define HAVE_FCNTL_H 1
| #define HAVE_LIMITS_H 1
| #define HAVE_NETDB_H 1
| #define HAVE_NETINET_IN_H 1
| #define HAVE_STDLIB_H 1
| #define HAVE_STRING_H 1
| #define HAVE_SYS_SOCKET_H 1
| #define HAVE_SYS_TIME_H 1
| #define HAVE_UNISTD_H 1
| #define HAVE__BOOL 1
| #define HAVE_STDBOOL_H 1
| #define uint16_t unsigned short int
| #define _UINT32_T 1
| #define uint32_t unsigned int
| /* end confdefs.h.  */
| #include <stdio.h>
| #ifdef HAVE_SYS_TYPES_H
| # include <sys/types.h>
| #endif
| #ifdef HAVE_SYS_STAT_H
| # include <sys/stat.h>
| #endif
| #ifdef STDC_HEADERS
| # include <stdlib.h>
| # include <stddef.h>
| #else
| # ifdef HAVE_STDLIB_H
| #  include <stdlib.h>
| # endif
| #endif
| #ifdef HAVE_STRING_H
| # if !defined STDC_HEADERS && defined HAVE_MEMORY_H
| #  include <memory.h>
| # endif
| # include <string.h>
| #endif
| #ifdef HAVE_STRINGS_H
| # include <strings.h>
| #endif
| #ifdef HAVE_INTTYPES_H
| # include <inttypes.h>
| #endif
| #ifdef HAVE_STDINT_H
| # include <stdint.h>
| #endif
| #ifdef HAVE_UNISTD_H
| # include <unistd.h>
| #endif
| int
| main ()
| {
| static int test_array [1 - 2 * !(((uint8_t) -1 >> (8 / 2 - 1)) >> (8 / 2 - 1) == 3)];
| test_array [0] = 0;
| return test_array [0];
| 
|   ;
|   return 0;
| }
configure:8072: gcc -c -g -O2 -D__LINUX  -D__LINUX conftest.c >&5
conftest.c: In function 'main':
conftest.c:67:12: error: size of array 'test_array' is negative
   67 | static int test_array [1 - 2 * !(((unsigned int) -1 >> (8 / 2 - 1)) >> (8 / 2 - 1) == 3)];
      |            ^~~~~~~~~~
configure:8072: $? = 1
configure: failed program was:
| /* confdefs.h */
| #define PACKAGE_NAME "SIPp"
| #define PACKAGE_TARNAME "sipp"
| #define PACKAGE_VERSION "3.3.990"
| #define PACKAGE_STRING "SIPp 3.3.990"
| #define PACKAGE_BUGREPORT "sipp-users@lists.sourceforge.net"
| #define PACKAGE_URL ""
| #define PACKAGE "sipp"
| #define VERSION "3.3.990"
| #define STDC_HEADERS 1
| #define HAVE_LIBCURSES 1
| #define HAVE_EPOLL 1
| #define HAVE_ALLOCA_H 1
| #define HAVE_ALLOCA 1
| #define HAVE_ARPA_INET_H 1
| #define HAVE_FCNTL_H 1
| #define HAVE_LIMITS_H 1
| #define HAVE_NETDB_H 1
| #define HAVE_NETINET_IN_H 1
| #define HAVE_STDLIB_H 1
| #define HAVE_STRING_H 1
| #define HAVE_SYS_SOCKET_H 1
| #define HAVE_SYS_TIME_H 1
| #define HAVE_UNISTD_H 1
| #define HAVE__BOOL 1
| #define HAVE_STDBOOL_H 1
| #define uint16_t unsigned short int
| #define _UINT32_T 1
| #define uint32_t unsigned int
| /* end confdefs.h.  */
| #include <stdio.h>
| #ifdef HAVE_SYS_TYPES_H
| # include <sys/types.h>
| #endif
| #ifdef HAVE_SYS_STAT_H
| # include <sys/stat.h>
| #endif
| #ifdef STDC_HEADERS
| # include <stdlib.h>
| # include <stddef.h>
| #else
| # ifdef HAVE_STDLIB_H
| #  include <stdlib.h>
| # endif
| #endif
| #ifdef HAVE_STRING_H
| # if !defined STDC_HEADERS && defined HAVE_MEMORY_H
| #  include <memory.h>
| # endif
| # include <string.h>
| #endif
| #ifdef HAVE_STRINGS_H
| # include <strings.h>
| #endif
| #ifdef HAVE_INTTYPES_H
| # include <inttypes.h>
| #endif
| #ifdef HAVE_STDINT_H
| # include <stdint.h>
| #endif
| #ifdef HAVE_UNISTD_H
| # include <unistd.h>
| #endif
| int
| main ()
| {
| static int test_array [1 - 2 * !(((unsigned int) -1 >> (8 / 2 - 1)) >> (8 / 2 - 1) == 3)];
| test_array [0] = 0;
| return test_array [0];
| 
|   ;
|   return 0;
| }
configure:8072: gcc -c -g -O2 -D__LINUX  -D__LINUX conftest.c >&5
conftest.c: In function 'main':
conftest.c:67:12: error: size of array 'test_array' is negative
   67 | static int test_array [1 - 2 * !(((unsigned long int) -1 >> (8 / 2 - 1)) >> (8 / 2 - 1) == 3)];
      |            ^~~~~~~~~~
configure:8072: $? = 1
configure: failed program was:
| /* confdefs.h */
| #define PACKAGE_NAME "SIPp"
| #define PACKAGE_TARNAME "sipp"
| #define PACKAGE_VERSION "3.3.990"
| #define PACKAGE_STRING "SIPp 3.3.990"
| #define PACKAGE_BUGREPORT "sipp-users@lists.sourceforge.net"
| #define PACKAGE_URL ""
| #define PACKAGE "sipp"
| #define VERSION "3.3.990"
| #define STDC_HEADERS 1
| #define HAVE_LIBCURSES 1
| #define HAVE_EPOLL 1
| #define HAVE_ALLOCA_H 1
| #define HAVE_ALLOCA 1
| #define HAVE_ARPA_INET_H 1
| #define HAVE_FCNTL_H 1
| #define HAVE_LIMITS_H 1
| #define HAVE_NETDB_H 1
| #define HAVE_NETINET_IN_H 1
| #define HAVE_STDLIB_H 1
| #define HAVE_STRING_H 1
| #define HAVE_SYS_SOCKET_H 1
| #define HAVE_SYS_TIME_H 1
| #define HAVE_UNISTD_H 1
| #define HAVE__BOOL 1
| #define HAVE_STDBOOL_H 1
| #define uint16_t unsigned short int
| #define _UINT32_T 1
| #define uint32_t unsigned int
| /* end confdefs.h.  */
| #include <stdio.h>
| #ifdef HAVE_SYS_TYPES_H
| # include <sys/types.h>
| #endif
| #ifdef HAVE_SYS_STAT_H
| # include <sys/stat.h>
| #endif
| #ifdef STDC_HEADERS
| # include <stdlib.h>
| # include <stddef.h>
| #else
| # ifdef HAVE_STDLIB_H
| #  include <stdlib.h>
| # endif
| #endif
| #ifdef HAVE_STRING_H
| # if !defined STDC_HEADERS && defined HAVE_MEMORY_H
| #  include <memory.h>
| # endif
| # include <string.h>
| #endif
| #ifdef HAVE_STRINGS_H
| # include <strings.h>
| #endif
| #ifdef HAVE_INTTYPES_H
| # include <inttypes.h>
| #endif
| #ifdef HAVE_STDINT_H
| # include <stdint.h>
| #endif
| #ifdef HAVE_UNISTD_H
| # include <unistd.h>
| #endif
| int
| main ()
| {
| static int test_array [1 - 2 * !(((unsigned long int) -1 >> (8 / 2 - 1)) >> (8 / 2 - 1) == 3)];
| test_array [0] = 0;
| return test_array [0];
| 
|   ;
|   return 0;
| }
configure:8072: gcc -c -g -O2 -D__LINUX  -D__LINUX conftest.c >&5
conftest.c: In function 'main':
conftest.c:67:12: error: size of array 'test_array' is negative
   67 | static int test_array [1 - 2 * !(((unsigned long long int) -1 >> (8 / 2 - 1)) >> (8 / 2 - 1) == 3)];
      |            ^~~~~~~~~~
configure:8072: $? = 1
configure: failed program was:
| /* confdefs.h */
| #define PACKAGE_NAME "SIPp"
| #define PACKAGE_TARNAME "sipp"
| #define PACKAGE_VERSION "3.3.990"
| #define PACKAGE_STRING "SIPp 3.3.990"
| #define PACKAGE_BUGREPORT "sipp-users@lists.sourceforge.net"
| #define PACKAGE_URL ""
| #define PACKAGE "sipp"
| #define VERSION "3.3.990"
| #define STDC_HEADERS 1
| #define HAVE_LIBCURSES 1
| #define HAVE_EPOLL 1
| #define HAVE_ALLOCA_H 1
| #define HAVE_ALLOCA 1
| #define HAVE_ARPA_INET_H 1
| #define HAVE_FCNTL_H 1
| #define HAVE_LIMITS_H 1
| #define HAVE_NETDB_H 1
| #define HAVE_NETINET_IN_H 1
| #define HAVE_STDLIB_H 1
| #define HAVE_STRING_H 1
| #define HAVE_SYS_SOCKET_H 1
| #define HAVE_SYS_TIME_H 1
| #define HAVE_UNISTD_H 1
| #define HAVE__BOOL 1
| #define HAVE_STDBOOL_H 1
| #define uint16_t unsigned short int
| #define _UINT32_T 1
| #define uint32_t unsigned int
| /* end confdefs.h.  */
| #include <stdio.h>
| #ifdef HAVE_SYS_TYPES_H
| # include <sys/types.h>
| #endif
| #ifdef HAVE_SYS_STAT_H
| # include <sys/stat.h>
| #endif
| #ifdef STDC_HEADERS
| # include <stdlib.h>
| # include <stddef.h>
| #else
| # ifdef HAVE_STDLIB_H
| #  include <stdlib.h>
| # endif
| #endif
| #ifdef HAVE_STRING_H
| # if !defined STDC_HEADERS && defined HAVE_MEMORY_H
| #  include <memory.h>
| # endif
| # include <string.h>
| #endif
| #ifdef HAVE_STRINGS_H
| # include <strings.h>
| #endif
| #ifdef HAVE_INTTYPES_H
| # include <inttypes.h>
| #endif
| #ifdef HAVE_STDINT_H
| # include <stdint.h>
| #endif
| #ifdef HAVE_UNISTD_H
| # include <unistd.h>
| #endif
| int
| main ()
| {
| static int test_array [1 - 2 * !(((unsigned long long int) -1 >> (8 / 2 - 1)) >> (8 / 2 - 1) == 3)];
| test_array [0] = 0;
| return test_array [0];
| 
|   ;
|   return 0;
| }
configure:8072: gcc -c -g -O2 -D__LINUX  -D__LINUX conftest.c >&5
conftest.c: In function 'main':
conftest.c:67:12: error: size of array 'test_array' is negative
   67 | static int test_array [1 - 2 * !(((unsigned short int) -1 >> (8 / 2 - 1)) >> (8 / 2 - 1) == 3)];
      |            ^~~~~~~~~~
configure:8072: $? = 1
configure: failed program was:
| /* confdefs.h */
| #define PACKAGE_NAME "SIPp"
| #define PACKAGE_TARNAME "sipp"
| #define PACKAGE_VERSION "3.3.990"
| #define PACKAGE_STRING "SIPp 3.3.990"
| #define PACKAGE_BUGREPORT "sipp-users@lists.sourceforge.net"
| #define PACKAGE_URL ""
| #define PACKAGE "sipp"
| #define VERSION "3.3.990"
| #define STDC_HEADERS 1
| #define HAVE_LIBCURSES 1
| #define HAVE_EPOLL 1
| #define HAVE_ALLOCA_H 1
| #define HAVE_ALLOCA 1
| #define HAVE_ARPA_INET_H 1
| #define HAVE_FCNTL_H 1
| #define HAVE_LIMITS_H 1
| #define HAVE_NETDB_H 1
| #define HAVE_NETINET_IN_H 1
| #define HAVE_STDLIB_H 1
| #define HAVE_STRING_H 1
| #define HAVE_SYS_SOCKET_H 1
| #define HAVE_SYS_TIME_H 1
| #define HAVE_UNISTD_H 1
| #define HAVE__BOOL 1
| #define HAVE_STDBOOL_H 1
| #define uint16_t unsigned short int
| #define _UINT32_T 1
| #define uint32_t unsigned int
| /* end confdefs.h.  */
| #include <stdio.h>
| #ifdef HAVE_SYS_TYPES_H
| # include <sys/types.h>
| #endif
| #ifdef HAVE_SYS_STAT_H
| # include <sys/stat.h>
| #endif
| #ifdef STDC_HEADERS
| # include <stdlib.h>
| # include <stddef.h>
| #else
| # ifdef HAVE_STDLIB_H
| #  include <stdlib.h>
| # endif
| #endif
| #ifdef HAVE_STRING_H
| # if !defined STDC_HEADERS && defined HAVE_MEMORY_H
| #  include <memory.h>
| # endif
| # include <string.h>
| #endif
| #ifdef HAVE_STRINGS_H
| # include <strings.h>
| #endif
| #ifdef HAVE_INTTYPES_H
| # include <inttypes.h>
| #endif
| #ifdef HAVE_STDINT_H
| # include <stdint.h>
| #endif
| #ifdef HAVE_UNISTD_H
| # include <unistd.h>
| #endif
| int
| main ()
| {
| static int test_array [1 - 2 * !(((unsigned short int) -1 >> (8 / 2 - 1)) >> (8 / 2 - 1) == 3)];
| test_array [0] = 0;
| return test_array [0];
| 
|   ;
|   return 0;
| }
configure:8072: gcc -c -g -O2 -D__LINUX  -D__LINUX conftest.c >&5
configure:8072: $? = 0
configure:8072: result: unsigned char
configure:8091: checking vfork.h usability
configure:8091: gcc -c -g -O2 -D__LINUX  -D__LINUX conftest.c >&5
conftest.c:66:10: fatal error: vfork.h: No such file or directory
   66 | #include <vfork.h>
      |          ^~~~~~~~~
compilation terminated.
configure:8091: $? = 1
configure: failed program was:
| /* confdefs.h */
| #define PACKAGE_NAME "SIPp"
| #define PACKAGE_TARNAME "sipp"
| #define PACKAGE_VERSION "3.3.990"
| #define PACKAGE_STRING "SIPp 3.3.990"
| #define PACKAGE_BUGREPORT "sipp-users@lists.sourceforge.net"
| #define PACKAGE_URL ""
| #define PACKAGE "sipp"
| #define VERSION "3.3.990"
| #define STDC_HEADERS 1
| #define HAVE_LIBCURSES 1
| #define HAVE_EPOLL 1
| #define HAVE_ALLOCA_H 1
| #define HAVE_ALLOCA 1
| #define HAVE_ARPA_INET_H 1
| #define HAVE_FCNTL_H 1
| #define HAVE_LIMITS_H 1
| #define HAVE_NETDB_H 1
| #define HAVE_NETINET_IN_H 1
| #define HAVE_STDLIB_H 1
| #define HAVE_STRING_H 1
| #define HAVE_SYS_SOCKET_H 1
| #define HAVE_SYS_TIME_H 1
| #define HAVE_UNISTD_H 1
| #define HAVE__BOOL 1
| #define HAVE_STDBOOL_H 1
| #define uint16_t unsigned short int
| #define _UINT32_T 1
| #define uint32_t unsigned int
| #define _UINT8_T 1
| #define uint8_t unsigned char
| /* end confdefs.h.  */
| #include <stdio.h>
| #ifdef HAVE_SYS_TYPES_H
| # include <sys/types.h>
| #endif
| #ifdef HAVE_SYS_STAT_H
| # include <sys/stat.h>
| #endif
| #ifdef STDC_HEADERS
| # include <stdlib.h>
| # include <stddef.h>
| #else
| # ifdef HAVE_STDLIB_H
| #  include <stdlib.h>
| # endif
| #endif
| #ifdef HAVE_STRING_H
| # if !defined STDC_HEADERS && defined HAVE_MEMORY_H
| #  include <memory.h>
| # endif
| # include <string.h>
| #endif
| #ifdef HAVE_STRINGS_H
| # include <strings.h>
| #endif
| #ifdef HAVE_INTTYPES_H
| # include <inttypes.h>
| #endif
| #ifdef HAVE_STDINT_H
| # include <stdint.h>
| #endif
| #ifdef HAVE_UNISTD_H
| # include <unistd.h>
| #endif
| #include <vfork.h>
configure:8091: result: no
configure:8091: checking vfork.h presence
configure:8091: gcc -E  -D__LINUX conftest.c
conftest.c:33:10: fatal error: vfork.h: No such file or directory
   33 | #include <vfork.h>
      |          ^~~~~~~~~
compilation terminated.
configure:8091: $? = 1
configure: failed program was:
| /* confdefs.h */
| #define PACKAGE_NAME "SIPp"
| #define PACKAGE_TARNAME "sipp"
| #define PACKAGE_VERSION "3.3.990"
| #define PACKAGE_STRING "SIPp 3.3.990"
| #define PACKAGE_BUGREPORT "sipp-users@lists.sourceforge.net"
| #define PACKAGE_URL ""
| #define PACKAGE "sipp"
| #define VERSION "3.3.990"
| #define STDC_HEADERS 1
| #define HAVE_LIBCURSES 1
| #define HAVE_EPOLL 1
| #define HAVE_ALLOCA_H 1
| #define HAVE_ALLOCA 1
| #define HAVE_ARPA_INET_H 1
| #define HAVE_FCNTL_H 1
| #define HAVE_LIMITS_H 1
| #define HAVE_NETDB_H 1
| #define HAVE_NETINET_IN_H 1
| #define HAVE_STDLIB_H 1
| #define HAVE_STRING_H 1
| #define HAVE_SYS_SOCKET_H 1
| #define HAVE_SYS_TIME_H 1
| #define HAVE_UNISTD_H 1
| #define HAVE__BOOL 1
| #define HAVE_STDBOOL_H 1
| #define uint16_t unsigned short int
| #define _UINT32_T 1
| #define uint32_t unsigned int
| #define _UINT8_T 1
| #define uint8_t unsigned char
| /* end confdefs.h.  */
| #include <vfork.h>
configure:8091: result: no
configure:8091: checking for vfork.h
configure:8091: result: no
configure:8104: checking for fork
configure:8104: gcc -o conftest -g -O2 -D__LINUX  -D__LINUX  conftest.c -lm -lcurses  >&5
conftest.c:56:6: warning: conflicting types for built-in function 'fork'; expected 'int(void)' [-Wbuiltin-declaration-mismatch]
   56 | char fork ();
      |      ^~~~
configure:8104: $? = 0
configure:8104: result: yes
configure:8104: checking for vfork
configure:8104: gcc -o conftest -g -O2 -D__LINUX  -D__LINUX  conftest.c -lm -lcurses  >&5
configure:8104: $? = 0
configure:8104: result: yes
configure:8114: checking for working fork
configure:8136: gcc -o conftest -g -O2 -D__LINUX  -D__LINUX  conftest.c -lm -lcurses  >&5
configure:8136: $? = 0
configure:8136: ./conftest
configure:8136: $? = 0
configure:8146: result: yes
configure:8167: checking for working vfork
configure:8277: result: yes
configure:8308: checking for alarm
configure:8308: gcc -o conftest -g -O2 -D__LINUX  -D__LINUX  conftest.c -lm -lcurses  >&5
configure:8308: $? = 0
configure:8308: result: yes
configure:8308: checking for dup2
configure:8308: gcc -o conftest -g -O2 -D__LINUX  -D__LINUX  conftest.c -lm -lcurses  >&5
configure:8308: $? = 0
configure:8308: result: yes
configure:8308: checking for floor
configure:8308: gcc -o conftest -g -O2 -D__LINUX  -D__LINUX  conftest.c -lm -lcurses  >&5
conftest.c:62:6: warning: conflicting types for built-in function 'floor'; expected 'double(double)' [-Wbuiltin-declaration-mismatch]
   62 | char floor ();
      |      ^~~~~
conftest.c:50:1: note: 'floor' is declared in header '<math.h>'
   49 | # include <limits.h>
   50 | #else
configure:8308: $? = 0
configure:8308: result: yes
configure:8308: checking for gethostname
configure:8308: gcc -o conftest -g -O2 -D__LINUX  -D__LINUX  conftest.c -lm -lcurses  >&5
configure:8308: $? = 0
configure:8308: result: yes
configure:8308: checking for gettimeofday
configure:8308: gcc -o conftest -g -O2 -D__LINUX  -D__LINUX  conftest.c -lm -lcurses  >&5
configure:8308: $? = 0
configure:8308: result: yes
configure:8308: checking for inet_ntoa
configure:8308: gcc -o conftest -g -O2 -D__LINUX  -D__LINUX  conftest.c -lm -lcurses  >&5
configure:8308: $? = 0
configure:8308: result: yes
configure:8308: checking for memmove
configure:8308: gcc -o conftest -g -O2 -D__LINUX  -D__LINUX  conftest.c -lm -lcurses  >&5
conftest.c:66:6: warning: conflicting types for built-in function 'memmove'; expected 'void *(void *, const void *, long unsigned int)' [-Wbuiltin-declaration-mismatch]
   66 | char memmove ();
      |      ^~~~~~~
conftest.c:54:1: note: 'memmove' is declared in header '<string.h>'
   53 | # include <limits.h>
   54 | #else
configure:8308: $? = 0
configure:8308: result: yes
configure:8308: checking for memset
configure:8308: gcc -o conftest -g -O2 -D__LINUX  -D__LINUX  conftest.c -lm -lcurses  >&5
conftest.c:67:6: warning: conflicting types for built-in function 'memset'; expected 'void *(void *, int,  long unsigned int)' [-Wbuiltin-declaration-mismatch]
   67 | char memset ();
      |      ^~~~~~
conftest.c:55:1: note: 'memset' is declared in header '<string.h>'
   54 | # include <limits.h>
   55 | #else
configure:8308: $? = 0
configure:8308: result: yes
configure:8308: checking for pow
configure:8308: gcc -o conftest -g -O2 -D__LINUX  -D__LINUX  conftest.c -lm -lcurses  >&5
conftest.c:68:6: warning: conflicting types for built-in function 'pow'; expected 'double(double,  double)' [-Wbuiltin-declaration-mismatch]
   68 | char pow ();
      |      ^~~
conftest.c:56:1: note: 'pow' is declared in header '<math.h>'
   55 | # include <limits.h>
   56 | #else
configure:8308: $? = 0
configure:8308: result: yes
configure:8308: checking for regcomp
configure:8308: gcc -o conftest -g -O2 -D__LINUX  -D__LINUX  conftest.c -lm -lcurses  >&5
configure:8308: $? = 0
configure:8308: result: yes
configure:8308: checking for socket
configure:8308: gcc -o conftest -g -O2 -D__LINUX  -D__LINUX  conftest.c -lm -lcurses  >&5
configure:8308: $? = 0
configure:8308: result: yes
configure:8308: checking for sqrt
configure:8308: gcc -o conftest -g -O2 -D__LINUX  -D__LINUX  conftest.c -lm -lcurses  >&5
conftest.c:71:6: warning: conflicting types for built-in function 'sqrt'; expected 'double(double)' [-Wbuiltin-declaration-mismatch]
   71 | char sqrt ();
      |      ^~~~
conftest.c:59:1: note: 'sqrt' is declared in header '<math.h>'
   58 | # include <limits.h>
   59 | #else
configure:8308: $? = 0
configure:8308: result: yes
configure:8308: checking for strcasecmp
configure:8308: gcc -o conftest -g -O2 -D__LINUX  -D__LINUX  conftest.c -lm -lcurses  >&5
conftest.c:72:6: warning: conflicting types for built-in function 'strcasecmp'; expected 'int(const char *, const char *)' [-Wbuiltin-declaration-mismatch]
   72 | char strcasecmp ();
      |      ^~~~~~~~~~
configure:8308: $? = 0
configure:8308: result: yes
configure:8308: checking for strchr
configure:8308: gcc -o conftest -g -O2 -D__LINUX  -D__LINUX  conftest.c -lm -lcurses  >&5
conftest.c:73:6: warning: conflicting types for built-in function 'strchr'; expected 'char *(const char *, int)' [-Wbuiltin-declaration-mismatch]
   73 | char strchr ();
      |      ^~~~~~
conftest.c:61:1: note: 'strchr' is declared in header '<string.h>'
   60 | # include <limits.h>
   61 | #else
configure:8308: $? = 0
configure:8308: result: yes
configure:8308: checking for strcspn
configure:8308: gcc -o conftest -g -O2 -D__LINUX  -D__LINUX  conftest.c -lm -lcurses  >&5
conftest.c:74:6: warning: conflicting types for built-in function 'strcspn'; expected 'long unsigned int(const char *, const char *)' [-Wbuiltin-declaration-mismatch]
   74 | char strcspn ();
      |      ^~~~~~~
conftest.c:62:1: note: 'strcspn' is declared in header '<string.h>'
   61 | # include <limits.h>
   62 | #else
configure:8308: $? = 0
configure:8308: result: yes
configure:8308: checking for strdup
configure:8308: gcc -o conftest -g -O2 -D__LINUX  -D__LINUX  conftest.c -lm -lcurses  >&5
conftest.c:75:6: warning: conflicting types for built-in function 'strdup'; expected 'char *(const char *)' [-Wbuiltin-declaration-mismatch]
   75 | char strdup ();
      |      ^~~~~~
configure:8308: $? = 0
configure:8308: result: yes
configure:8308: checking for strerror
configure:8308: gcc -o conftest -g -O2 -D__LINUX  -D__LINUX  conftest.c -lm -lcurses  >&5
configure:8308: $? = 0
configure:8308: result: yes
configure:8308: checking for strncasecmp
configure:8308: gcc -o conftest -g -O2 -D__LINUX  -D__LINUX  conftest.c -lm -lcurses  >&5
conftest.c:77:6: warning: conflicting types for built-in function 'strncasecmp'; expected 'int(const char *, const char *, long unsigned int)' [-Wbuiltin-declaration-mismatch]
   77 | char strncasecmp ();
      |      ^~~~~~~~~~~
configure:8308: $? = 0
configure:8308: result: yes
configure:8308: checking for strrchr
configure:8308: gcc -o conftest -g -O2 -D__LINUX  -D__LINUX  conftest.c -lm -lcurses  >&5
conftest.c:78:6: warning: conflicting types for built-in function 'strrchr'; expected 'char *(const char *, int)' [-Wbuiltin-declaration-mismatch]
   78 | char strrchr ();
      |      ^~~~~~~
conftest.c:66:1: note: 'strrchr' is declared in header '<string.h>'
   65 | # include <limits.h>
   66 | #else
configure:8308: $? = 0
configure:8308: result: yes
configure:8308: checking for strstr
configure:8308: gcc -o conftest -g -O2 -D__LINUX  -D__LINUX  conftest.c -lm -lcurses  >&5
conftest.c:79:6: warning: conflicting types for built-in function 'strstr'; expected 'char *(const char *, const char *)' [-Wbuiltin-declaration-mismatch]
   79 | char strstr ();
      |      ^~~~~~
conftest.c:67:1: note: 'strstr' is declared in header '<string.h>'
   66 | # include <limits.h>
   67 | #else
configure:8308: $? = 0
configure:8308: result: yes
configure:8308: checking for strtol
configure:8308: gcc -o conftest -g -O2 -D__LINUX  -D__LINUX  conftest.c -lm -lcurses  >&5
configure:8308: $? = 0
configure:8308: result: yes
configure:8308: checking for strtoul
configure:8308: gcc -o conftest -g -O2 -D__LINUX  -D__LINUX  conftest.c -lm -lcurses  >&5
configure:8308: $? = 0
configure:8308: result: yes
configure:8308: checking for strtoull
configure:8308: gcc -o conftest -g -O2 -D__LINUX  -D__LINUX  conftest.c -lm -lcurses  >&5
configure:8308: $? = 0
configure:8308: result: yes
configure:8472: creating ./config.status

## ---------------------- ##
## Running config.status. ##
## ---------------------- ##

This file was extended by SIPp config.status 3.3.990, which was
generated by GNU Autoconf 2.69.  Invocation command line was

  CONFIG_FILES    = 
  CONFIG_HEADERS  = 
  CONFIG_LINKS    = 
  CONFIG_COMMANDS = 
  $ ./config.status 

on uzair-XPS-13-9380

config.status:921: creating Makefile
config.status:921: creating include/config.h
config.status:1150: executing depfiles commands

## ---------------- ##
## Cache variables. ##
## ---------------- ##

ac_cv_build=x86_64-unknown-linux-gnu
ac_cv_c_compiler_gnu=yes
ac_cv_c_inline=inline
ac_cv_c_uint16_t='unsigned short int'
ac_cv_c_uint32_t='unsigned int'
ac_cv_c_uint8_t='unsigned char'
ac_cv_cxx_compiler_gnu=yes
ac_cv_env_CCC_set=
ac_cv_env_CCC_value=
ac_cv_env_CC_set=
ac_cv_env_CC_value=
ac_cv_env_CFLAGS_set=
ac_cv_env_CFLAGS_value=
ac_cv_env_CPPFLAGS_set=
ac_cv_env_CPPFLAGS_value=
ac_cv_env_CPP_set=
ac_cv_env_CPP_value=
ac_cv_env_CXXFLAGS_set=
ac_cv_env_CXXFLAGS_value=
ac_cv_env_CXX_set=
ac_cv_env_CXX_value=
ac_cv_env_LDFLAGS_set=
ac_cv_env_LDFLAGS_value=
ac_cv_env_LIBS_set=
ac_cv_env_LIBS_value=
ac_cv_env_build_alias_set=
ac_cv_env_build_alias_value=
ac_cv_env_host_alias_set=
ac_cv_env_host_alias_value=
ac_cv_env_target_alias_set=
ac_cv_env_target_alias_value=
ac_cv_func_alarm=yes
ac_cv_func_alloca_works=yes
ac_cv_func_dup2=yes
ac_cv_func_floor=yes
ac_cv_func_fork=yes
ac_cv_func_fork_works=yes
ac_cv_func_gethostname=yes
ac_cv_func_gettimeofday=yes
ac_cv_func_inet_ntoa=yes
ac_cv_func_memmove=yes
ac_cv_func_memset=yes
ac_cv_func_pow=yes
ac_cv_func_regcomp=yes
ac_cv_func_socket=yes
ac_cv_func_sqrt=yes
ac_cv_func_strcasecmp=yes
ac_cv_func_strchr=yes
ac_cv_func_strcspn=yes
ac_cv_func_strdup=yes
ac_cv_func_strerror=yes
ac_cv_func_strncasecmp=yes
ac_cv_func_strrchr=yes
ac_cv_func_strstr=yes
ac_cv_func_strtol=yes
ac_cv_func_strtoul=yes
ac_cv_func_strtoull=yes
ac_cv_func_vfork=yes
ac_cv_func_vfork_works=yes
ac_cv_header_arpa_inet_h=yes
ac_cv_header_fcntl_h=yes
ac_cv_header_limits_h=yes
ac_cv_header_linux_version_h=yes
ac_cv_header_netdb_h=yes
ac_cv_header_netinet_in_h=yes
ac_cv_header_stdbool_h=yes
ac_cv_header_stdc=yes
ac_cv_header_stdlib_h=yes
ac_cv_header_string_h=yes
ac_cv_header_sys_socket_h=yes
ac_cv_header_sys_time_h=yes
ac_cv_header_unistd_h=yes
ac_cv_header_vfork_h=no
ac_cv_host=x86_64-unknown-linux-gnu
ac_cv_lib_curses_initscr=yes
ac_cv_lib_pthread_pthread_mutex_init=yes
ac_cv_objext=o
ac_cv_path_EGREP='/usr/bin/grep -E'
ac_cv_path_GREP=/usr/bin/grep
ac_cv_path_install='/usr/bin/install -c'
ac_cv_path_mkdir=/usr/bin/mkdir
ac_cv_prog_AWK=mawk
ac_cv_prog_CPP='gcc -E'
ac_cv_prog_ac_ct_CC=gcc
ac_cv_prog_ac_ct_CXX=g++
ac_cv_prog_cc_c89=
ac_cv_prog_cc_g=yes
ac_cv_prog_cxx_g=yes
ac_cv_prog_make_make_set=yes
ac_cv_search_bind='none required'
ac_cv_search_dlerror='none required'
ac_cv_search_dlopen='none required'
ac_cv_search_dlsym='none required'
ac_cv_search_floor=-lm
ac_cv_search_freeaddrinfo='none required'
ac_cv_search_getaddrinfo='none required'
ac_cv_search_htons='none required'
ac_cv_search_inet_addr='none required'
ac_cv_search_inet_ntoa='none required'
ac_cv_search_listen='none required'
ac_cv_search_ntohs='none required'
ac_cv_search_pow='none required'
ac_cv_search_pthread_attr_destroy='none required'
ac_cv_search_pthread_attr_init='none required'
ac_cv_search_pthread_attr_setstacksize='none required'
ac_cv_search_pthread_cancel='none required'
ac_cv_search_pthread_create='none required'
ac_cv_search_pthread_exit='none required'
ac_cv_search_pthread_join='none required'
ac_cv_search_pthread_mutex_destroy='none required'
ac_cv_search_pthread_mutex_init='none required'
ac_cv_search_pthread_mutex_lock='none required'
ac_cv_search_pthread_mutex_unlock='none required'
ac_cv_search_pthread_self='none required'
ac_cv_search_pthread_setcancelstate='none required'
ac_cv_search_pthread_setcanceltype='none required'
ac_cv_search_pthread_setschedparam='none required'
ac_cv_search_pthread_sigmask='none required'
ac_cv_search_recvfrom='none required'
ac_cv_search_shutdown='none required'
ac_cv_target=x86_64-unknown-linux-gnu
ac_cv_type__Bool=yes
ac_cv_type_pid_t=yes
ac_cv_type_size_t=yes
ac_cv_type_ssize_t=yes
ac_cv_working_alloca_h=yes
am_cv_CC_dependencies_compiler_type=gcc3
am_cv_CXX_dependencies_compiler_type=gcc3
ax_cv_have_epoll=yes

## ----------------- ##
## Output variables. ##
## ----------------- ##

ACLOCAL='${SHELL} /home/uzair/Downloads/sipp-3.3.990/missing --run aclocal-1.11'
ALLOCA=''
AMDEPBACKSLASH='\'
AMDEP_FALSE='#'
AMDEP_TRUE=''
AMTAR='$${TAR-tar}'
AUTOCONF='${SHELL} /home/uzair/Downloads/sipp-3.3.990/missing --run autoconf'
AUTOHEADER='${SHELL} /home/uzair/Downloads/sipp-3.3.990/missing --run autoheader'
AUTOMAKE='${SHELL} /home/uzair/Downloads/sipp-3.3.990/missing --run automake-1.11'
AWK='mawk'
CC='gcc'
CCDEPMODE='depmode=gcc3'
CFLAGS='-g -O2 -D__LINUX'
CPP='gcc -E'
CPPFLAGS=' -D__LINUX'
CXX='g++'
CXXDEPMODE='depmode=gcc3'
CXXFLAGS='-g -O2'
CYGPATH_W='echo'
DEFS='-DHAVE_CONFIG_H'
DEPDIR='.deps'
ECHO_C=''
ECHO_N='-n'
ECHO_T=''
EGREP='/usr/bin/grep -E'
EXEEXT=''
GREP='/usr/bin/grep'
GSL_CFLAGS=''
GSL_CXXFLAGS=''
GSL_LIBS=''
HAVE_EPOLL_FALSE='#'
HAVE_EPOLL_TRUE=''
HAVE_GSL_FALSE=''
HAVE_GSL_TRUE='#'
HAVE_OPENSSL_FALSE=''
HAVE_OPENSSL_TRUE='#'
HAVE_PCAP_FALSE=''
HAVE_PCAP_TRUE='#'
HAVE_RTP_FALSE=''
HAVE_RTP_TRUE='#'
HAVE_SCTP_FALSE=''
HAVE_SCTP_TRUE='#'
INSTALL_DATA='${INSTALL} -m 644'
INSTALL_PROGRAM='${INSTALL}'
INSTALL_SCRIPT='${INSTALL}'
INSTALL_STRIP_PROGRAM='$(install_sh) -c -s'
LDFLAGS=''
LIBOBJS=''
LIBS='-lm -lcurses '
LTLIBOBJS=''
MAKEINFO='${SHELL} /home/uzair/Downloads/sipp-3.3.990/missing --run makeinfo'
MKDIR_P='/usr/bin/mkdir -p'
OBJEXT='o'
PACKAGE='sipp'
PACKAGE_BUGREPORT='sipp-users@lists.sourceforge.net'
PACKAGE_NAME='SIPp'
PACKAGE_STRING='SIPp 3.3.990'
PACKAGE_TARNAME='sipp'
PACKAGE_URL=''
PACKAGE_VERSION='3.3.990'
PATH_SEPARATOR=':'
SET_MAKE=''
SHELL='/bin/bash'
STRIP=''
VERSION='3.3.990'
ac_ct_CC='gcc'
ac_ct_CXX='g++'
am__EXEEXT_FALSE=''
am__EXEEXT_TRUE='#'
am__fastdepCC_FALSE='#'
am__fastdepCC_TRUE=''
am__fastdepCXX_FALSE='#'
am__fastdepCXX_TRUE=''
am__include='include'
am__isrc=''
am__leading_dot='.'
am__nodep='_no'
am__quote=''
am__tar='$${TAR-tar} chof - "$$tardir"'
am__untar='$${TAR-tar} xf -'
bindir='${exec_prefix}/bin'
build='x86_64-unknown-linux-gnu'
build_alias=''
build_cpu='x86_64'
build_os='linux-gnu'
build_vendor='unknown'
datadir='${datarootdir}'
datarootdir='${prefix}/share'
docdir='${datarootdir}/doc/${PACKAGE_TARNAME}'
dvidir='${docdir}'
exec_prefix='${prefix}'
host='x86_64-unknown-linux-gnu'
host_alias=''
host_cpu='x86_64'
host_os='linux-gnu'
host_vendor='unknown'
htmldir='${docdir}'
includedir='${prefix}/include'
infodir='${datarootdir}/info'
install_sh='${SHELL} /home/uzair/Downloads/sipp-3.3.990/install-sh'
libdir='${exec_prefix}/lib'
libexecdir='${exec_prefix}/libexec'
localedir='${datarootdir}/locale'
localstatedir='${prefix}/var'
mandir='${datarootdir}/man'
mkdir_p='/usr/bin/mkdir -p'
oldincludedir='/usr/include'
pdfdir='${docdir}'
prefix='/usr/local'
program_transform_name='s,x,x,'
psdir='${docdir}'
sbindir='${exec_prefix}/sbin'
sharedstatedir='${prefix}/com'
sysconfdir='${prefix}/etc'
target='x86_64-unknown-linux-gnu'
target_alias=''
target_cpu='x86_64'
target_os='linux-gnu'
target_vendor='unknown'

## ----------- ##
## confdefs.h. ##
## ----------- ##

/* confdefs.h */
#define PACKAGE_NAME "SIPp"
#define PACKAGE_TARNAME "sipp"
#define PACKAGE_VERSION "3.3.990"
#define PACKAGE_STRING "SIPp 3.3.990"
#define PACKAGE_BUGREPORT "sipp-users@lists.sourceforge.net"
#define PACKAGE_URL ""
#define PACKAGE "sipp"
#define VERSION "3.3.990"
#define STDC_HEADERS 1
#define HAVE_LIBCURSES 1
#define HAVE_EPOLL 1
#define HAVE_ALLOCA_H 1
#define HAVE_ALLOCA 1
#define HAVE_ARPA_INET_H 1
#define HAVE_FCNTL_H 1
#define HAVE_LIMITS_H 1
#define HAVE_NETDB_H 1
#define HAVE_NETINET_IN_H 1
#define HAVE_STDLIB_H 1
#define HAVE_STRING_H 1
#define HAVE_SYS_SOCKET_H 1
#define HAVE_SYS_TIME_H 1
#define HAVE_UNISTD_H 1
#define HAVE__BOOL 1
#define HAVE_STDBOOL_H 1
#define uint16_t unsigned short int
#define _UINT32_T 1
#define uint32_t unsigned int
#define _UINT8_T 1
#define uint8_t unsigned char
#define HAVE_FORK 1
#define HAVE_VFORK 1
#define HAVE_WORKING_VFORK 1
#define HAVE_WORKING_FORK 1
#define HAVE_ALARM 1
#define HAVE_DUP2 1
#define HAVE_FLOOR 1
#define HAVE_GETHOSTNAME 1
#define HAVE_GETTIMEOFDAY 1
#define HAVE_INET_NTOA 1
#define HAVE_MEMMOVE 1
#define HAVE_MEMSET 1
#define HAVE_POW 1
#define HAVE_REGCOMP 1
#define HAVE_SOCKET 1
#define HAVE_SQRT 1
#define HAVE_STRCASECMP 1
#define HAVE_STRCHR 1
#define HAVE_STRCSPN 1
#define HAVE_STRDUP 1
#define HAVE_STRERROR 1
#define HAVE_STRNCASECMP 1
#define HAVE_STRRCHR 1
#define HAVE_STRSTR 1
#define HAVE_STRTOL 1
#define HAVE_STRTOUL 1
#define HAVE_STRTOULL 1

configure: exit 0
